app/build/intermediates/manifest_merge_blame_file/debug/manifest-merger-blame-debug-report.txt
1<?xml version="1.0" encoding="utf-8"?>
2<manifest xmlns:android="http://schemas.android.com/apk/res/android"
3    package="com.example.diarioscuolav4"
4    android:versionCode="1"
5    android:versionName="1.0" >
6
7    <uses-sdk
8        android:minSdkVersion="23"
8-->src\main\AndroidManifest.xml
9        android:targetSdkVersion="29" />
9-->src\main\AndroidManifest.xml
10
11    <application
11-->src\main\AndroidManifest.xml:5:5-32:19
12        android:allowBackup="true"
12-->src\main\AndroidManifest.xml:6:9-35
13        android:appComponentFactory="androidx.core.app.CoreComponentFactory"
13-->[androidx.core:core:1.1.0] AndroidManifest.xml:24:18-86
14        android:debuggable="true"
15        android:icon="@mipmap/ic_launcher"
15-->src\main\AndroidManifest.xml:7:9-43
16        android:label="@string/app_name"
16-->src\main\AndroidManifest.xml:8:9-41
17        android:roundIcon="@mipmap/ic_launcher_round"
17-->src\main\AndroidManifest.xml:9:9-54
18        android:supportsRtl="true"
18-->src\main\AndroidManifest.xml:10:9-35
19        android:testOnly="true"
20        android:theme="@style/AppTheme" >
20-->src\main\AndroidManifest.xml:11:9-40
21        <activity android:name="com.example.diarioscuolav4.notizie.notizie" />
21-->src\main\AndroidManifest.xml:12:9-62
21-->src\main\AndroidManifest.xml:12:19-50
22        <activity android:name="com.example.diarioscuolav4.lezioni.LezioniActivity" />
22-->src\main\AndroidManifest.xml:13:9-61
22-->src\main\AndroidManifest.xml:13:19-58
23        <activity android:name="com.example.diarioscuolav4.impostazioni.impostazioni" />
23-->src\main\AndroidManifest.xml:14:9-63
23-->src\main\AndroidManifest.xml:14:19-60
24        <activity android:name="com.example.diarioscuolav4.compiti.compiti" />
24-->src\main\AndroidManifest.xml:15:9-53
24-->src\main\AndroidManifest.xml:15:19-50
25        <activity android:name="com.example.diarioscuolav4.appunti.AddNote" />
25-->src\main\AndroidManifest.xml:16:9-52
25-->src\main\AndroidManifest.xml:16:19-50
26        <activity
26-->src\main\AndroidManifest.xml:17:9-20:59
27            android:name="com.example.diarioscuolav4.calendario.calendario"
27-->src\main\AndroidManifest.xml:18:13-50
28            android:label="@string/title_activity_calendario"
28-->src\main\AndroidManifest.xml:19:13-62
29            android:theme="@style/AppTheme.NoActionBar" />
29-->src\main\AndroidManifest.xml:20:13-56
30        <activity
30-->src\main\AndroidManifest.xml:21:9-24:59
31            android:name="com.example.diarioscuolav4.appunti.NoteActivity"
31-->src\main\AndroidManifest.xml:22:13-49
32            android:label="@string/title_activity_note"
32-->src\main\AndroidManifest.xml:23:13-56
33            android:theme="@style/AppTheme.NoActionBar" />
33-->src\main\AndroidManifest.xml:24:13-56
34        <activity android:name="com.example.diarioscuolav4.MainActivity" >
34-->src\main\AndroidManifest.xml:25:9-31:20
34-->src\main\AndroidManifest.xml:25:19-47
35            <intent-filter>
35-->src\main\AndroidManifest.xml:26:13-30:29
36                <action android:name="android.intent.action.MAIN" />
36-->src\main\AndroidManifest.xml:27:17-69
36-->src\main\AndroidManifest.xml:27:25-66
37
38                <category android:name="android.intent.category.LAUNCHER" />
38-->src\main\AndroidManifest.xml:29:17-77
38-->src\main\AndroidManifest.xml:29:27-74
39            </intent-filter>
40        </activity>
41
42        <service
42-->[androidx.room:room-runtime:2.2.2] AndroidManifest.xml:25:9-27:40
43            android:name="androidx.room.MultiInstanceInvalidationService"
43-->[androidx.room:room-runtime:2.2.2] AndroidManifest.xml:26:13-74
44            android:exported="false" />
44-->[androidx.room:room-runtime:2.2.2] AndroidManifest.xml:27:13-37
45
46        <provider
46-->[androidx.lifecycle:lifecycle-process:2.2.0-rc02] AndroidManifest.xml:25:9-29:43
47            android:name="androidx.lifecycle.ProcessLifecycleOwnerInitializer"
47-->[androidx.lifecycle:lifecycle-process:2.2.0-rc02] AndroidManifest.xml:26:13-79
48            android:authorities="com.example.diarioscuolav4.lifecycle-process"
48-->[androidx.lifecycle:lifecycle-process:2.2.0-rc02] AndroidManifest.xml:27:13-69
49            android:exported="false"
49-->[androidx.lifecycle:lifecycle-process:2.2.0-rc02] AndroidManifest.xml:28:13-37
50            android:multiprocess="true" />
50-->[androidx.lifecycle:lifecycle-process:2.2.0-rc02] AndroidManifest.xml:29:13-40
51    </application>
52
53</manifest>